2017-05-25 15:07:11,205 [Worker-1] INFO  c.g.t.t.d.PublishedGradleVersions - Gradle version information cache is not available. Remote download required.
2017-05-25 15:08:38,767 [Worker-5] INFO  o.e.m.c.i.p.ProjectConfigurationManager - Collecting project info '/pom.xml' D:\AMol-RestWebServices\MyFirstProject\pom.xml
2017-05-25 15:08:44,451 [Worker-5] INFO  o.e.m.c.i.l.LifecycleMappingFactory - Using org.maven.ide.eclipse.wtp.WarLifecycleMapping lifecycle mapping for MavenProject: com.capgemini:MyFirstProject:0.0.1-SNAPSHOT @ D:\AMol-RestWebServices\MyFirstProject\pom.xml.
2017-05-25 15:08:49,900 [Worker-5] INFO  o.e.m.j.i.AbstractJavaProjectConfigurator - Adding source folder /MyFirstProject/src/main/java
2017-05-25 15:08:49,900 [Worker-5] INFO  o.e.m.j.i.AbstractJavaProjectConfigurator - Adding resource folder /MyFirstProject/src/main/resources
2017-05-25 15:08:49,904 [Worker-5] INFO  o.e.m.j.i.AbstractJavaProjectConfigurator - Adding source folder /MyFirstProject/src/test/java
2017-05-25 15:08:55,242 [Worker-5] INFO  o.e.m.c.i.p.ProjectConfigurationManager - Imported and configured 1 project(s) in 16 sec
2017-05-25 15:08:56,353 [Worker-5] INFO  o.e.m.c.i.embedder.EclipseLogger - Using 'UTF-8' encoding to copy filtered resources.
2017-05-25 15:08:56,369 [Worker-5] INFO  o.e.m.c.i.embedder.EclipseLogger - Copying 0 resource
2017-05-25 15:08:56,370 [Worker-5] INFO  o.e.m.c.i.embedder.EclipseLogger - Using 'UTF-8' encoding to copy filtered resources.
2017-05-25 15:08:56,371 [Worker-5] INFO  o.e.m.c.i.embedder.EclipseLogger - skip non existing resourceDirectory D:\AMol-RestWebServices\MyFirstProject\src\test\resources
2017-05-25 15:08:58,786 [Worker-5] INFO  o.e.m.c.i.embedder.EclipseLogger - Using 'UTF-8' encoding to copy filtered resources.
2017-05-25 15:08:58,788 [Worker-5] INFO  o.e.m.c.i.embedder.EclipseLogger - Copying 0 resource
2017-05-25 15:08:58,789 [Worker-5] INFO  o.e.m.c.i.embedder.EclipseLogger - Using 'UTF-8' encoding to copy filtered resources.
2017-05-25 15:08:58,789 [Worker-5] INFO  o.e.m.c.i.embedder.EclipseLogger - skip non existing resourceDirectory D:\AMol-RestWebServices\MyFirstProject\src\test\resources
2017-05-25 15:09:20,197 [Worker-5] INFO  o.e.m.c.i.embedder.EclipseLogger - Using 'UTF-8' encoding to copy filtered resources.
2017-05-25 15:09:20,197 [Worker-5] INFO  o.e.m.c.i.embedder.EclipseLogger - Copying 0 resource
2017-05-25 15:09:20,198 [Worker-5] INFO  o.e.m.c.i.embedder.EclipseLogger - Using 'UTF-8' encoding to copy filtered resources.
2017-05-25 15:09:20,198 [Worker-5] INFO  o.e.m.c.i.embedder.EclipseLogger - skip non existing resourceDirectory D:\AMol-RestWebServices\MyFirstProject\src\test\resources
2017-05-25 15:10:12,130 [Worker-9] INFO  o.e.m.w.i.f.ResourceFilteringBuildParticipant - Cleaning filtered folder for MyFirstProject
2017-05-25 15:10:12,355 [Worker-7] INFO  o.e.m.c.i.embedder.EclipseLogger - Using 'UTF-8' encoding to copy filtered resources.
2017-05-25 15:10:12,356 [Worker-7] INFO  o.e.m.c.i.embedder.EclipseLogger - Copying 0 resource
2017-05-25 15:10:12,356 [Worker-7] INFO  o.e.m.c.i.embedder.EclipseLogger - Using 'UTF-8' encoding to copy filtered resources.
2017-05-25 15:10:12,356 [Worker-7] INFO  o.e.m.c.i.embedder.EclipseLogger - skip non existing resourceDirectory D:\AMol-RestWebServices\MyFirstProject\src\test\resources
2017-05-25 15:10:12,357 [Worker-7] INFO  o.e.m.w.i.f.ResourceFilteringBuildParticipant - Changed resources require a complete clean of filtered resources of MyFirstProject
2017-05-25 15:10:12,358 [Worker-7] INFO  o.e.m.w.i.f.ResourceFilteringBuildParticipant - Executing resource filtering for MyFirstProject
2017-05-25 15:10:12,373 [Worker-7] INFO  o.e.m.c.i.embedder.EclipseLogger - Using 'UTF-8' encoding to copy filtered resources.
2017-05-25 15:13:30,982 [Worker-6] INFO  o.e.m.c.i.embedder.EclipseLogger - Using 'UTF-8' encoding to copy filtered resources.
2017-05-25 15:13:30,983 [Worker-6] INFO  o.e.m.c.i.embedder.EclipseLogger - Copying 0 resource
2017-05-25 15:13:30,983 [Worker-6] INFO  o.e.m.c.i.embedder.EclipseLogger - Using 'UTF-8' encoding to copy filtered resources.
2017-05-25 15:13:30,983 [Worker-6] INFO  o.e.m.c.i.embedder.EclipseLogger - skip non existing resourceDirectory D:\AMol-RestWebServices\MyFirstProject\src\test\resources
2017-05-25 15:19:08,705 [ModalContext] INFO  o.e.m.c.i.e.AbstractTransferListenerAdapter - Downloading https://repo.maven.apache.org/maven2/org/glassfish/jersey/archetypes/jersey-quickstart-webapp/2.24/jersey-quickstart-webapp-2.24.pom
2017-05-25 15:19:09,037 [ModalContext] INFO  o.e.m.c.i.e.AbstractTransferListenerAdapter - Downloaded https://repo.maven.apache.org/maven2/org/glassfish/jersey/archetypes/jersey-quickstart-webapp/2.24/jersey-quickstart-webapp-2.24.pom
2017-05-25 15:19:09,289 [ModalContext] INFO  o.e.m.c.i.e.AbstractTransferListenerAdapter - Downloading https://repo.maven.apache.org/maven2/org/glassfish/jersey/archetypes/jersey-quickstart-webapp/2.24/jersey-quickstart-webapp-2.24.jar
2017-05-25 15:19:09,615 [ModalContext] INFO  o.e.m.c.i.e.AbstractTransferListenerAdapter - Downloaded https://repo.maven.apache.org/maven2/org/glassfish/jersey/archetypes/jersey-quickstart-webapp/2.24/jersey-quickstart-webapp-2.24.jar
2017-05-25 15:19:59,776 [Worker-1] INFO  o.e.m.c.i.p.ProjectConfigurationManager - Collecting project info '/pom.xml' D:\AMol-RestWebServices\MyFirstWebServicesApp\pom.xml
2017-05-25 15:20:04,721 [Worker-1] INFO  o.e.m.c.i.e.AbstractTransferListenerAdapter - Downloading https://repo.maven.apache.org/maven2/org/glassfish/jersey/jersey-bom/2.24/jersey-bom-2.24.pom
2017-05-25 15:20:05,436 [Worker-1] INFO  o.e.m.c.i.e.AbstractTransferListenerAdapter - Downloaded https://repo.maven.apache.org/maven2/org/glassfish/jersey/jersey-bom/2.24/jersey-bom-2.24.pom
2017-05-25 15:20:06,010 [Worker-1] INFO  o.e.m.c.i.l.LifecycleMappingFactory - Using org.maven.ide.eclipse.wtp.WarLifecycleMapping lifecycle mapping for MavenProject: com.capgemini:MyFirstWebServicesApp:0.0.1-SNAPSHOT @ D:\AMol-RestWebServices\MyFirstWebServicesApp\pom.xml.
2017-05-25 15:20:06,257 [Worker-1] INFO  o.e.m.c.i.e.AbstractTransferListenerAdapter - Downloading https://repo.maven.apache.org/maven2/org/glassfish/jersey/containers/jersey-container-servlet-core/2.24/jersey-container-servlet-core-2.24.pom
2017-05-25 15:20:06,512 [Worker-1] INFO  o.e.m.c.i.e.AbstractTransferListenerAdapter - Downloaded https://repo.maven.apache.org/maven2/org/glassfish/jersey/containers/jersey-container-servlet-core/2.24/jersey-container-servlet-core-2.24.pom
2017-05-25 15:20:06,741 [Worker-1] INFO  o.e.m.c.i.e.AbstractTransferListenerAdapter - Downloading https://repo.maven.apache.org/maven2/org/glassfish/jersey/containers/project/2.24/project-2.24.pom
2017-05-25 15:20:07,055 [Worker-1] INFO  o.e.m.c.i.e.AbstractTransferListenerAdapter - Downloaded https://repo.maven.apache.org/maven2/org/glassfish/jersey/containers/project/2.24/project-2.24.pom
2017-05-25 15:20:07,469 [Worker-1] INFO  o.e.m.c.i.e.AbstractTransferListenerAdapter - Downloading https://repo.maven.apache.org/maven2/org/glassfish/jersey/project/2.24/project-2.24.pom
2017-05-25 15:20:09,327 [Worker-1] INFO  o.e.m.c.i.e.AbstractTransferListenerAdapter - Downloaded https://repo.maven.apache.org/maven2/org/glassfish/jersey/project/2.24/project-2.24.pom
2017-05-25 15:20:09,626 [Worker-1] INFO  o.e.m.c.i.e.AbstractTransferListenerAdapter - Downloading https://repo.maven.apache.org/maven2/org/glassfish/hk2/hk2-bom/2.5.0-b05/hk2-bom-2.5.0-b05.pom
2017-05-25 15:20:11,440 [Worker-1] INFO  o.e.m.c.i.e.AbstractTransferListenerAdapter - Downloaded https://repo.maven.apache.org/maven2/org/glassfish/hk2/hk2-bom/2.5.0-b05/hk2-bom-2.5.0-b05.pom
2017-05-25 15:20:11,688 [Worker-1] INFO  o.e.m.c.i.e.AbstractTransferListenerAdapter - Downloading https://repo.maven.apache.org/maven2/org/glassfish/hk2/external/javax.inject/2.5.0-b05/javax.inject-2.5.0-b05.pom
2017-05-25 15:20:12,050 [Worker-1] INFO  o.e.m.c.i.e.AbstractTransferListenerAdapter - Downloaded https://repo.maven.apache.org/maven2/org/glassfish/hk2/external/javax.inject/2.5.0-b05/javax.inject-2.5.0-b05.pom
2017-05-25 15:20:12,367 [Worker-1] INFO  o.e.m.c.i.e.AbstractTransferListenerAdapter - Downloading https://repo.maven.apache.org/maven2/org/glassfish/hk2/external/2.5.0-b05/external-2.5.0-b05.pom
2017-05-25 15:20:12,611 [Worker-1] INFO  o.e.m.c.i.e.AbstractTransferListenerAdapter - Downloaded https://repo.maven.apache.org/maven2/org/glassfish/hk2/external/2.5.0-b05/external-2.5.0-b05.pom
2017-05-25 15:20:12,967 [Worker-1] INFO  o.e.m.c.i.e.AbstractTransferListenerAdapter - Downloading https://repo.maven.apache.org/maven2/org/glassfish/hk2/hk2-parent/2.5.0-b05/hk2-parent-2.5.0-b05.pom
2017-05-25 15:20:13,528 [Worker-1] INFO  o.e.m.c.i.e.AbstractTransferListenerAdapter - Downloaded https://repo.maven.apache.org/maven2/org/glassfish/hk2/hk2-parent/2.5.0-b05/hk2-parent-2.5.0-b05.pom
2017-05-25 15:20:13,879 [Worker-1] INFO  o.e.m.c.i.e.AbstractTransferListenerAdapter - Downloading https://repo.maven.apache.org/maven2/org/glassfish/jersey/core/jersey-common/2.24/jersey-common-2.24.pom
2017-05-25 15:20:14,135 [Worker-1] INFO  o.e.m.c.i.e.AbstractTransferListenerAdapter - Downloaded https://repo.maven.apache.org/maven2/org/glassfish/jersey/core/jersey-common/2.24/jersey-common-2.24.pom
2017-05-25 15:20:14,473 [Worker-1] INFO  o.e.m.c.i.e.AbstractTransferListenerAdapter - Downloading https://repo.maven.apache.org/maven2/javax/ws/rs/javax.ws.rs-api/2.0.1/javax.ws.rs-api-2.0.1.pom
2017-05-25 15:20:14,832 [Worker-1] INFO  o.e.m.c.i.e.AbstractTransferListenerAdapter - Downloaded https://repo.maven.apache.org/maven2/javax/ws/rs/javax.ws.rs-api/2.0.1/javax.ws.rs-api-2.0.1.pom
2017-05-25 15:20:15,164 [Worker-1] INFO  o.e.m.c.i.e.AbstractTransferListenerAdapter - Downloading https://repo.maven.apache.org/maven2/org/glassfish/jersey/bundles/repackaged/jersey-guava/2.24/jersey-guava-2.24.pom
2017-05-25 15:20:15,423 [Worker-1] INFO  o.e.m.c.i.e.AbstractTransferListenerAdapter - Downloaded https://repo.maven.apache.org/maven2/org/glassfish/jersey/bundles/repackaged/jersey-guava/2.24/jersey-guava-2.24.pom
2017-05-25 15:20:15,761 [Worker-1] INFO  o.e.m.c.i.e.AbstractTransferListenerAdapter - Downloading https://repo.maven.apache.org/maven2/org/glassfish/jersey/bundles/repackaged/project/2.24/project-2.24.pom
2017-05-25 15:20:16,107 [Worker-1] INFO  o.e.m.c.i.e.AbstractTransferListenerAdapter - Downloaded https://repo.maven.apache.org/maven2/org/glassfish/jersey/bundles/repackaged/project/2.24/project-2.24.pom
2017-05-25 15:20:16,455 [Worker-1] INFO  o.e.m.c.i.e.AbstractTransferListenerAdapter - Downloading https://repo.maven.apache.org/maven2/org/glassfish/jersey/bundles/project/2.24/project-2.24.pom
2017-05-25 15:20:16,809 [Worker-1] INFO  o.e.m.c.i.e.AbstractTransferListenerAdapter - Downloaded https://repo.maven.apache.org/maven2/org/glassfish/jersey/bundles/project/2.24/project-2.24.pom
2017-05-25 15:20:17,167 [Worker-1] INFO  o.e.m.c.i.e.AbstractTransferListenerAdapter - Downloading https://repo.maven.apache.org/maven2/org/glassfish/hk2/hk2-api/2.5.0-b05/hk2-api-2.5.0-b05.pom
2017-05-25 15:20:17,522 [Worker-1] INFO  o.e.m.c.i.e.AbstractTransferListenerAdapter - Downloaded https://repo.maven.apache.org/maven2/org/glassfish/hk2/hk2-api/2.5.0-b05/hk2-api-2.5.0-b05.pom
2017-05-25 15:20:17,865 [Worker-1] INFO  o.e.m.c.i.e.AbstractTransferListenerAdapter - Downloading https://repo.maven.apache.org/maven2/org/glassfish/hk2/hk2-utils/2.5.0-b05/hk2-utils-2.5.0-b05.pom
2017-05-25 15:20:18,218 [Worker-1] INFO  o.e.m.c.i.e.AbstractTransferListenerAdapter - Downloaded https://repo.maven.apache.org/maven2/org/glassfish/hk2/hk2-utils/2.5.0-b05/hk2-utils-2.5.0-b05.pom
2017-05-25 15:20:18,452 [Worker-1] INFO  o.e.m.c.i.e.AbstractTransferListenerAdapter - Downloading https://repo.maven.apache.org/maven2/org/glassfish/hk2/external/aopalliance-repackaged/2.5.0-b05/aopalliance-repackaged-2.5.0-b05.pom
2017-05-25 15:20:18,726 [Worker-1] INFO  o.e.m.c.i.e.AbstractTransferListenerAdapter - Downloaded https://repo.maven.apache.org/maven2/org/glassfish/hk2/external/aopalliance-repackaged/2.5.0-b05/aopalliance-repackaged-2.5.0-b05.pom
2017-05-25 15:20:19,036 [Worker-1] INFO  o.e.m.c.i.e.AbstractTransferListenerAdapter - Downloading https://repo.maven.apache.org/maven2/org/glassfish/hk2/hk2-locator/2.5.0-b05/hk2-locator-2.5.0-b05.pom
2017-05-25 15:20:19,402 [Worker-1] INFO  o.e.m.c.i.e.AbstractTransferListenerAdapter - Downloaded https://repo.maven.apache.org/maven2/org/glassfish/hk2/hk2-locator/2.5.0-b05/hk2-locator-2.5.0-b05.pom
2017-05-25 15:20:19,627 [Worker-1] INFO  o.e.m.c.i.e.AbstractTransferListenerAdapter - Downloading https://repo.maven.apache.org/maven2/javax/inject/javax.inject/1/javax.inject-1.pom
2017-05-25 15:20:19,866 [Worker-1] INFO  o.e.m.c.i.e.AbstractTransferListenerAdapter - Downloaded https://repo.maven.apache.org/maven2/javax/inject/javax.inject/1/javax.inject-1.pom
2017-05-25 15:20:20,210 [Worker-1] INFO  o.e.m.c.i.e.AbstractTransferListenerAdapter - Downloading https://repo.maven.apache.org/maven2/org/javassist/javassist/3.20.0-GA/javassist-3.20.0-GA.pom
2017-05-25 15:20:20,605 [Worker-1] INFO  o.e.m.c.i.e.AbstractTransferListenerAdapter - Downloaded https://repo.maven.apache.org/maven2/org/javassist/javassist/3.20.0-GA/javassist-3.20.0-GA.pom
2017-05-25 15:20:20,914 [Worker-1] INFO  o.e.m.c.i.e.AbstractTransferListenerAdapter - Downloading https://repo.maven.apache.org/maven2/org/glassfish/jersey/core/jersey-server/2.24/jersey-server-2.24.pom
2017-05-25 15:20:21,184 [Worker-1] INFO  o.e.m.c.i.e.AbstractTransferListenerAdapter - Downloaded https://repo.maven.apache.org/maven2/org/glassfish/jersey/core/jersey-server/2.24/jersey-server-2.24.pom
2017-05-25 15:20:21,393 [Worker-1] INFO  o.e.m.c.i.e.AbstractTransferListenerAdapter - Downloading https://repo.maven.apache.org/maven2/org/glassfish/jersey/core/jersey-client/2.24/jersey-client-2.24.pom
2017-05-25 15:20:21,662 [Worker-1] INFO  o.e.m.c.i.e.AbstractTransferListenerAdapter - Downloaded https://repo.maven.apache.org/maven2/org/glassfish/jersey/core/jersey-client/2.24/jersey-client-2.24.pom
2017-05-25 15:20:21,949 [Worker-1] INFO  o.e.m.c.i.e.AbstractTransferListenerAdapter - Downloading https://repo.maven.apache.org/maven2/org/glassfish/jersey/media/jersey-media-jaxb/2.24/jersey-media-jaxb-2.24.pom
2017-05-25 15:20:22,217 [Worker-1] INFO  o.e.m.c.i.e.AbstractTransferListenerAdapter - Downloaded https://repo.maven.apache.org/maven2/org/glassfish/jersey/media/jersey-media-jaxb/2.24/jersey-media-jaxb-2.24.pom
2017-05-25 15:20:22,539 [Worker-1] INFO  o.e.m.c.i.e.AbstractTransferListenerAdapter - Downloading https://repo.maven.apache.org/maven2/org/glassfish/jersey/media/project/2.24/project-2.24.pom
2017-05-25 15:20:22,795 [Worker-1] INFO  o.e.m.c.i.e.AbstractTransferListenerAdapter - Downloaded https://repo.maven.apache.org/maven2/org/glassfish/jersey/media/project/2.24/project-2.24.pom
2017-05-25 15:20:23,126 [Worker-1] INFO  o.e.m.c.i.e.AbstractTransferListenerAdapter - Downloading https://repo.maven.apache.org/maven2/org/glassfish/jersey/containers/jersey-container-servlet-core/2.24/jersey-container-servlet-core-2.24.jar
2017-05-25 15:20:23,857 [Worker-1] INFO  o.e.m.c.i.e.AbstractTransferListenerAdapter - Downloaded https://repo.maven.apache.org/maven2/org/glassfish/jersey/containers/jersey-container-servlet-core/2.24/jersey-container-servlet-core-2.24.jar
2017-05-25 15:20:24,048 [Worker-1] INFO  o.e.m.c.i.e.AbstractTransferListenerAdapter - Downloading https://repo.maven.apache.org/maven2/org/glassfish/hk2/external/javax.inject/2.5.0-b05/javax.inject-2.5.0-b05.jar
2017-05-25 15:20:24,560 [Worker-1] INFO  o.e.m.c.i.e.AbstractTransferListenerAdapter - Downloaded https://repo.maven.apache.org/maven2/org/glassfish/hk2/external/javax.inject/2.5.0-b05/javax.inject-2.5.0-b05.jar
2017-05-25 15:20:24,796 [Worker-1] INFO  o.e.m.c.i.e.AbstractTransferListenerAdapter - Downloading https://repo.maven.apache.org/maven2/org/glassfish/jersey/core/jersey-common/2.24/jersey-common-2.24.jar
2017-05-25 15:20:28,939 [Worker-1] INFO  o.e.m.c.i.e.AbstractTransferListenerAdapter - Downloaded https://repo.maven.apache.org/maven2/org/glassfish/jersey/core/jersey-common/2.24/jersey-common-2.24.jar
2017-05-25 15:20:29,415 [Worker-1] INFO  o.e.m.c.i.e.AbstractTransferListenerAdapter - Downloading https://repo.maven.apache.org/maven2/org/glassfish/jersey/bundles/repackaged/jersey-guava/2.24/jersey-guava-2.24.jar
2017-05-25 15:20:33,609 [Worker-1] INFO  o.e.m.c.i.e.AbstractTransferListenerAdapter - Downloaded https://repo.maven.apache.org/maven2/org/glassfish/jersey/bundles/repackaged/jersey-guava/2.24/jersey-guava-2.24.jar
2017-05-25 15:20:33,912 [Worker-1] INFO  o.e.m.c.i.e.AbstractTransferListenerAdapter - Downloading https://repo.maven.apache.org/maven2/org/glassfish/hk2/hk2-api/2.5.0-b05/hk2-api-2.5.0-b05.jar
2017-05-25 15:20:34,869 [Worker-1] INFO  o.e.m.c.i.e.AbstractTransferListenerAdapter - Downloaded https://repo.maven.apache.org/maven2/org/glassfish/hk2/hk2-api/2.5.0-b05/hk2-api-2.5.0-b05.jar
2017-05-25 15:20:35,217 [Worker-1] INFO  o.e.m.c.i.e.AbstractTransferListenerAdapter - Downloading https://repo.maven.apache.org/maven2/org/glassfish/hk2/hk2-utils/2.5.0-b05/hk2-utils-2.5.0-b05.jar
2017-05-25 15:20:35,884 [Worker-1] INFO  o.e.m.c.i.e.AbstractTransferListenerAdapter - Downloaded https://repo.maven.apache.org/maven2/org/glassfish/hk2/hk2-utils/2.5.0-b05/hk2-utils-2.5.0-b05.jar
2017-05-25 15:20:36,237 [Worker-1] INFO  o.e.m.c.i.e.AbstractTransferListenerAdapter - Downloading https://repo.maven.apache.org/maven2/org/glassfish/hk2/external/aopalliance-repackaged/2.5.0-b05/aopalliance-repackaged-2.5.0-b05.jar
2017-05-25 15:20:36,519 [Worker-1] INFO  o.e.m.c.i.e.AbstractTransferListenerAdapter - Downloaded https://repo.maven.apache.org/maven2/org/glassfish/hk2/external/aopalliance-repackaged/2.5.0-b05/aopalliance-repackaged-2.5.0-b05.jar
2017-05-25 15:20:36,831 [Worker-1] INFO  o.e.m.c.i.e.AbstractTransferListenerAdapter - Downloading https://repo.maven.apache.org/maven2/org/glassfish/hk2/hk2-locator/2.5.0-b05/hk2-locator-2.5.0-b05.jar
2017-05-25 15:20:37,927 [Worker-1] INFO  o.e.m.c.i.e.AbstractTransferListenerAdapter - Downloaded https://repo.maven.apache.org/maven2/org/glassfish/hk2/hk2-locator/2.5.0-b05/hk2-locator-2.5.0-b05.jar
2017-05-25 15:20:38,311 [Worker-1] INFO  o.e.m.c.i.e.AbstractTransferListenerAdapter - Downloading https://repo.maven.apache.org/maven2/org/javassist/javassist/3.20.0-GA/javassist-3.20.0-GA.jar
2017-05-25 15:20:45,079 [Worker-1] INFO  o.e.m.c.i.e.AbstractTransferListenerAdapter - Downloaded https://repo.maven.apache.org/maven2/org/javassist/javassist/3.20.0-GA/javassist-3.20.0-GA.jar
2017-05-25 15:20:45,410 [Worker-1] INFO  o.e.m.c.i.e.AbstractTransferListenerAdapter - Downloading https://repo.maven.apache.org/maven2/org/glassfish/jersey/core/jersey-server/2.24/jersey-server-2.24.jar
2017-05-25 15:20:50,053 [Worker-1] INFO  o.e.m.c.i.e.AbstractTransferListenerAdapter - Downloaded https://repo.maven.apache.org/maven2/org/glassfish/jersey/core/jersey-server/2.24/jersey-server-2.24.jar
2017-05-25 15:20:50,339 [Worker-1] INFO  o.e.m.c.i.e.AbstractTransferListenerAdapter - Downloading https://repo.maven.apache.org/maven2/org/glassfish/jersey/core/jersey-client/2.24/jersey-client-2.24.jar
2017-05-25 15:20:51,138 [Worker-1] INFO  o.e.m.c.i.e.AbstractTransferListenerAdapter - Downloaded https://repo.maven.apache.org/maven2/org/glassfish/jersey/core/jersey-client/2.24/jersey-client-2.24.jar
2017-05-25 15:20:51,917 [Worker-1] INFO  o.e.m.c.i.e.AbstractTransferListenerAdapter - Downloading https://repo.maven.apache.org/maven2/org/glassfish/jersey/media/jersey-media-jaxb/2.24/jersey-media-jaxb-2.24.jar
2017-05-25 15:20:53,680 [Worker-1] INFO  o.e.m.c.i.e.AbstractTransferListenerAdapter - Downloaded https://repo.maven.apache.org/maven2/org/glassfish/jersey/media/jersey-media-jaxb/2.24/jersey-media-jaxb-2.24.jar
2017-05-25 15:20:53,977 [Worker-1] INFO  o.e.m.c.i.e.AbstractTransferListenerAdapter - Downloading https://repo.maven.apache.org/maven2/javax/ws/rs/javax.ws.rs-api/2.0.1/javax.ws.rs-api-2.0.1.jar
2017-05-25 15:20:54,562 [Worker-1] INFO  o.e.m.c.i.e.AbstractTransferListenerAdapter - Downloaded https://repo.maven.apache.org/maven2/javax/ws/rs/javax.ws.rs-api/2.0.1/javax.ws.rs-api-2.0.1.jar
2017-05-25 15:20:56,656 [Worker-1] INFO  o.e.m.c.i.l.LifecycleMappingFactory - Using org.maven.ide.eclipse.wtp.WarLifecycleMapping lifecycle mapping for MavenProject: com.capgemini:MyFirstProject:0.0.1-SNAPSHOT @ D:\AMol-RestWebServices\MyFirstProject\pom.xml.
2017-05-25 15:20:58,010 [Worker-1] INFO  o.e.m.j.i.AbstractJavaProjectConfigurator - Adding source folder /MyFirstWebServicesApp/src/main/java
2017-05-25 15:20:58,010 [Worker-1] INFO  o.e.m.j.i.AbstractJavaProjectConfigurator - Adding resource folder /MyFirstWebServicesApp/src/main/resources
2017-05-25 15:20:58,014 [Worker-1] INFO  o.e.m.j.i.AbstractJavaProjectConfigurator - Adding source folder /MyFirstWebServicesApp/src/test/java
2017-05-25 15:20:58,582 [Worker-1] INFO  o.e.m.c.i.p.ProjectConfigurationManager - Imported and configured 1 project(s) in 58 sec
2017-05-25 15:20:59,069 [Worker-15] INFO  o.e.m.c.i.embedder.EclipseLogger - Using 'UTF-8' encoding to copy filtered resources.
2017-05-25 15:20:59,070 [Worker-15] INFO  o.e.m.c.i.embedder.EclipseLogger - Copying 0 resource
2017-05-25 15:20:59,071 [Worker-15] INFO  o.e.m.c.i.embedder.EclipseLogger - Using 'UTF-8' encoding to copy filtered resources.
2017-05-25 15:20:59,071 [Worker-15] INFO  o.e.m.c.i.embedder.EclipseLogger - skip non existing resourceDirectory D:\AMol-RestWebServices\MyFirstProject\src\test\resources
2017-05-25 15:20:59,325 [Worker-15] INFO  o.e.m.c.i.embedder.EclipseLogger - Using 'UTF-8' encoding to copy filtered resources.
2017-05-25 15:20:59,325 [Worker-15] INFO  o.e.m.c.i.embedder.EclipseLogger - Copying 0 resource
2017-05-25 15:20:59,326 [Worker-15] INFO  o.e.m.c.i.embedder.EclipseLogger - Using 'UTF-8' encoding to copy filtered resources.
2017-05-25 15:20:59,326 [Worker-15] INFO  o.e.m.c.i.embedder.EclipseLogger - skip non existing resourceDirectory D:\AMol-RestWebServices\MyFirstWebServicesApp\src\test\resources
2017-05-25 15:20:59,584 [Worker-3] INFO  o.e.m.c.i.embedder.EclipseLogger - Using 'UTF-8' encoding to copy filtered resources.
2017-05-25 15:20:59,584 [Worker-3] INFO  o.e.m.c.i.embedder.EclipseLogger - Copying 0 resource
2017-05-25 15:20:59,585 [Worker-3] INFO  o.e.m.c.i.embedder.EclipseLogger - Using 'UTF-8' encoding to copy filtered resources.
2017-05-25 15:20:59,585 [Worker-3] INFO  o.e.m.c.i.embedder.EclipseLogger - skip non existing resourceDirectory D:\AMol-RestWebServices\MyFirstWebServicesApp\src\test\resources
2017-05-25 15:27:51,715 [Worker-10] INFO  o.e.m.c.i.l.LifecycleMappingFactory - Using org.maven.ide.eclipse.wtp.WarLifecycleMapping lifecycle mapping for MavenProject: com.capgemini:MyFirstWebServicesApp:0.0.1-SNAPSHOT @ D:\AMol-RestWebServices\MyFirstWebServicesApp\pom.xml.
2017-05-25 15:28:04,669 [Worker-10] INFO  o.e.m.c.i.e.AbstractTransferListenerAdapter - Downloading https://repo.maven.apache.org/maven2/org/glassfish/jersey/media/jersey-media-moxy/2.24/jersey-media-moxy-2.24.pom
2017-05-25 15:28:05,083 [Worker-10] INFO  o.e.m.c.i.e.AbstractTransferListenerAdapter - Downloaded https://repo.maven.apache.org/maven2/org/glassfish/jersey/media/jersey-media-moxy/2.24/jersey-media-moxy-2.24.pom
2017-05-25 15:28:05,450 [Worker-10] INFO  o.e.m.c.i.e.AbstractTransferListenerAdapter - Downloading https://repo.maven.apache.org/maven2/org/glassfish/jersey/ext/jersey-entity-filtering/2.24/jersey-entity-filtering-2.24.pom
2017-05-25 15:28:05,747 [Worker-10] INFO  o.e.m.c.i.e.AbstractTransferListenerAdapter - Downloaded https://repo.maven.apache.org/maven2/org/glassfish/jersey/ext/jersey-entity-filtering/2.24/jersey-entity-filtering-2.24.pom
2017-05-25 15:28:06,076 [Worker-10] INFO  o.e.m.c.i.e.AbstractTransferListenerAdapter - Downloading https://repo.maven.apache.org/maven2/org/glassfish/jersey/ext/project/2.24/project-2.24.pom
2017-05-25 15:28:06,315 [Worker-10] INFO  o.e.m.c.i.e.AbstractTransferListenerAdapter - Downloaded https://repo.maven.apache.org/maven2/org/glassfish/jersey/ext/project/2.24/project-2.24.pom
2017-05-25 15:28:06,665 [Worker-10] INFO  o.e.m.c.i.e.AbstractTransferListenerAdapter - Downloading https://repo.maven.apache.org/maven2/org/eclipse/persistence/org.eclipse.persistence.moxy/2.6.0/org.eclipse.persistence.moxy-2.6.0.pom
2017-05-25 15:28:07,036 [Worker-10] INFO  o.e.m.c.i.e.AbstractTransferListenerAdapter - Downloaded https://repo.maven.apache.org/maven2/org/eclipse/persistence/org.eclipse.persistence.moxy/2.6.0/org.eclipse.persistence.moxy-2.6.0.pom
2017-05-25 15:28:07,381 [Worker-10] INFO  o.e.m.c.i.e.AbstractTransferListenerAdapter - Downloading https://repo.maven.apache.org/maven2/org/eclipse/persistence/org.eclipse.persistence.core/2.6.0/org.eclipse.persistence.core-2.6.0.pom
2017-05-25 15:28:07,733 [Worker-10] INFO  o.e.m.c.i.e.AbstractTransferListenerAdapter - Downloaded https://repo.maven.apache.org/maven2/org/eclipse/persistence/org.eclipse.persistence.core/2.6.0/org.eclipse.persistence.core-2.6.0.pom
2017-05-25 15:28:08,077 [Worker-10] INFO  o.e.m.c.i.e.AbstractTransferListenerAdapter - Downloading https://repo.maven.apache.org/maven2/org/eclipse/persistence/org.eclipse.persistence.asm/2.6.0/org.eclipse.persistence.asm-2.6.0.pom
2017-05-25 15:28:08,429 [Worker-10] INFO  o.e.m.c.i.e.AbstractTransferListenerAdapter - Downloaded https://repo.maven.apache.org/maven2/org/eclipse/persistence/org.eclipse.persistence.asm/2.6.0/org.eclipse.persistence.asm-2.6.0.pom
2017-05-25 15:28:08,694 [Worker-10] INFO  o.e.m.c.i.e.AbstractTransferListenerAdapter - Downloading https://repo.maven.apache.org/maven2/org/glassfish/javax.json/1.0.4/javax.json-1.0.4.pom
2017-05-25 15:28:08,949 [Worker-10] INFO  o.e.m.c.i.e.AbstractTransferListenerAdapter - Downloaded https://repo.maven.apache.org/maven2/org/glassfish/javax.json/1.0.4/javax.json-1.0.4.pom
2017-05-25 15:28:09,506 [Worker-10] INFO  o.e.m.c.i.e.AbstractTransferListenerAdapter - Downloading https://repo.maven.apache.org/maven2/org/glassfish/json/1.0.4/json-1.0.4.pom
2017-05-25 15:28:09,745 [Worker-10] INFO  o.e.m.c.i.e.AbstractTransferListenerAdapter - Downloaded https://repo.maven.apache.org/maven2/org/glassfish/json/1.0.4/json-1.0.4.pom
2017-05-25 15:28:10,207 [Worker-10] INFO  o.e.m.c.i.e.AbstractTransferListenerAdapter - Downloading https://repo.maven.apache.org/maven2/org/glassfish/jersey/media/jersey-media-moxy/2.24/jersey-media-moxy-2.24.jar
2017-05-25 15:28:10,608 [Worker-10] INFO  o.e.m.c.i.e.AbstractTransferListenerAdapter - Downloaded https://repo.maven.apache.org/maven2/org/glassfish/jersey/media/jersey-media-moxy/2.24/jersey-media-moxy-2.24.jar
2017-05-25 15:28:11,098 [Worker-10] INFO  o.e.m.c.i.e.AbstractTransferListenerAdapter - Downloading https://repo.maven.apache.org/maven2/org/glassfish/jersey/ext/jersey-entity-filtering/2.24/jersey-entity-filtering-2.24.jar
2017-05-25 15:28:11,455 [Worker-10] INFO  o.e.m.c.i.e.AbstractTransferListenerAdapter - Downloaded https://repo.maven.apache.org/maven2/org/glassfish/jersey/ext/jersey-entity-filtering/2.24/jersey-entity-filtering-2.24.jar
2017-05-25 15:28:11,764 [Worker-10] INFO  o.e.m.c.i.e.AbstractTransferListenerAdapter - Downloading https://repo.maven.apache.org/maven2/org/eclipse/persistence/org.eclipse.persistence.moxy/2.6.0/org.eclipse.persistence.moxy-2.6.0.jar
2017-05-25 15:28:12,800 [Worker-10] INFO  o.e.m.c.i.e.AbstractTransferListenerAdapter - Downloaded https://repo.maven.apache.org/maven2/org/eclipse/persistence/org.eclipse.persistence.moxy/2.6.0/org.eclipse.persistence.moxy-2.6.0.jar
2017-05-25 15:28:13,057 [Worker-10] INFO  o.e.m.c.i.e.AbstractTransferListenerAdapter - Downloading https://repo.maven.apache.org/maven2/org/eclipse/persistence/org.eclipse.persistence.core/2.6.0/org.eclipse.persistence.core-2.6.0.jar
2017-05-25 15:28:21,656 [Worker-10] INFO  o.e.m.c.i.e.AbstractTransferListenerAdapter - Downloaded https://repo.maven.apache.org/maven2/org/eclipse/persistence/org.eclipse.persistence.core/2.6.0/org.eclipse.persistence.core-2.6.0.jar
2017-05-25 15:28:21,875 [Worker-10] INFO  o.e.m.c.i.e.AbstractTransferListenerAdapter - Downloading https://repo.maven.apache.org/maven2/org/eclipse/persistence/org.eclipse.persistence.asm/2.6.0/org.eclipse.persistence.asm-2.6.0.jar
2017-05-25 15:28:22,430 [Worker-10] INFO  o.e.m.c.i.e.AbstractTransferListenerAdapter - Downloaded https://repo.maven.apache.org/maven2/org/eclipse/persistence/org.eclipse.persistence.asm/2.6.0/org.eclipse.persistence.asm-2.6.0.jar
2017-05-25 15:28:22,762 [Worker-10] INFO  o.e.m.c.i.e.AbstractTransferListenerAdapter - Downloading https://repo.maven.apache.org/maven2/org/glassfish/javax.json/1.0.4/javax.json-1.0.4.jar
2017-05-25 15:28:23,078 [Worker-10] INFO  o.e.m.c.i.e.AbstractTransferListenerAdapter - Downloaded https://repo.maven.apache.org/maven2/org/glassfish/javax.json/1.0.4/javax.json-1.0.4.jar
2017-05-25 15:28:24,589 [Worker-10] INFO  o.e.m.c.i.embedder.EclipseLogger - Using 'UTF-8' encoding to copy filtered resources.
2017-05-25 15:28:24,591 [Worker-10] INFO  o.e.m.c.i.embedder.EclipseLogger - Copying 0 resource
2017-05-25 15:28:24,591 [Worker-10] INFO  o.e.m.c.i.embedder.EclipseLogger - Using 'UTF-8' encoding to copy filtered resources.
2017-05-25 15:28:24,591 [Worker-10] INFO  o.e.m.c.i.embedder.EclipseLogger - skip non existing resourceDirectory D:\AMol-RestWebServices\MyFirstWebServicesApp\src\test\resources
2017-05-25 15:28:24,592 [Worker-10] INFO  o.e.m.w.i.f.ResourceFilteringBuildParticipant - Changed resources require a complete clean of filtered resources of MyFirstWebServicesApp
2017-05-25 15:28:24,592 [Worker-10] INFO  o.e.m.w.i.f.ResourceFilteringBuildParticipant - Executing resource filtering for MyFirstWebServicesApp
2017-05-25 15:28:24,605 [Worker-10] INFO  o.e.m.c.i.embedder.EclipseLogger - Using 'UTF-8' encoding to copy filtered resources.
2017-05-25 15:28:26,286 [Worker-19] INFO  o.e.m.c.i.embedder.EclipseLogger - Using 'UTF-8' encoding to copy filtered resources.
2017-05-25 15:28:26,287 [Worker-19] INFO  o.e.m.c.i.embedder.EclipseLogger - Copying 0 resource
2017-05-25 15:28:26,288 [Worker-19] INFO  o.e.m.c.i.embedder.EclipseLogger - Using 'UTF-8' encoding to copy filtered resources.
2017-05-25 15:28:26,288 [Worker-19] INFO  o.e.m.c.i.embedder.EclipseLogger - skip non existing resourceDirectory D:\AMol-RestWebServices\MyFirstWebServicesApp\src\test\resources
2017-05-25 15:39:10,552 [Worker-22] INFO  o.e.m.c.i.embedder.EclipseLogger - Using 'UTF-8' encoding to copy filtered resources.
2017-05-25 15:39:10,553 [Worker-22] INFO  o.e.m.c.i.embedder.EclipseLogger - Copying 0 resource
2017-05-25 15:39:10,554 [Worker-22] INFO  o.e.m.c.i.embedder.EclipseLogger - Using 'UTF-8' encoding to copy filtered resources.
2017-05-25 15:39:10,554 [Worker-22] INFO  o.e.m.c.i.embedder.EclipseLogger - skip non existing resourceDirectory D:\AMol-RestWebServices\MyFirstWebServicesApp\src\test\resources
2017-05-25 15:41:31,882 [Worker-10] INFO  o.e.m.c.i.embedder.EclipseLogger - Using 'UTF-8' encoding to copy filtered resources.
2017-05-25 15:41:31,882 [Worker-10] INFO  o.e.m.c.i.embedder.EclipseLogger - Copying 0 resource
2017-05-25 15:41:31,883 [Worker-10] INFO  o.e.m.c.i.embedder.EclipseLogger - Using 'UTF-8' encoding to copy filtered resources.
2017-05-25 15:41:31,883 [Worker-10] INFO  o.e.m.c.i.embedder.EclipseLogger - skip non existing resourceDirectory D:\AMol-RestWebServices\MyFirstWebServicesApp\src\test\resources
2017-05-25 15:43:08,538 [Worker-29] INFO  o.e.m.c.i.embedder.EclipseLogger - Using 'UTF-8' encoding to copy filtered resources.
2017-05-25 15:43:08,539 [Worker-29] INFO  o.e.m.c.i.embedder.EclipseLogger - Copying 0 resource
2017-05-25 15:43:08,540 [Worker-29] INFO  o.e.m.c.i.embedder.EclipseLogger - Using 'UTF-8' encoding to copy filtered resources.
2017-05-25 15:43:08,540 [Worker-29] INFO  o.e.m.c.i.embedder.EclipseLogger - skip non existing resourceDirectory D:\AMol-RestWebServices\MyFirstWebServicesApp\src\test\resources
2017-05-25 15:47:35,540 [Worker-28] INFO  o.e.m.c.i.embedder.EclipseLogger - Using 'UTF-8' encoding to copy filtered resources.
2017-05-25 15:47:35,540 [Worker-28] INFO  o.e.m.c.i.embedder.EclipseLogger - Copying 0 resource
2017-05-25 15:47:35,541 [Worker-28] INFO  o.e.m.c.i.embedder.EclipseLogger - Using 'UTF-8' encoding to copy filtered resources.
2017-05-25 15:47:35,541 [Worker-28] INFO  o.e.m.c.i.embedder.EclipseLogger - skip non existing resourceDirectory D:\AMol-RestWebServices\MyFirstWebServicesApp\src\test\resources
2017-05-25 15:49:26,402 [Worker-27] INFO  o.e.m.c.i.embedder.EclipseLogger - Using 'UTF-8' encoding to copy filtered resources.
2017-05-25 15:49:26,403 [Worker-27] INFO  o.e.m.c.i.embedder.EclipseLogger - Copying 0 resource
2017-05-25 15:49:26,404 [Worker-27] INFO  o.e.m.c.i.embedder.EclipseLogger - Using 'UTF-8' encoding to copy filtered resources.
2017-05-25 15:49:26,404 [Worker-27] INFO  o.e.m.c.i.embedder.EclipseLogger - skip non existing resourceDirectory D:\AMol-RestWebServices\MyFirstWebServicesApp\src\test\resources
2017-05-25 15:51:50,869 [Worker-10] INFO  o.e.m.w.i.f.ResourceFilteringBuildParticipant - Cleaning filtered folder for MyFirstProject
2017-05-25 15:51:50,883 [Worker-10] INFO  o.e.m.w.i.f.ResourceFilteringBuildParticipant - Cleaning filtered folder for MyFirstWebServicesApp
2017-05-25 15:51:51,093 [Worker-10] INFO  o.e.m.c.i.embedder.EclipseLogger - Using 'UTF-8' encoding to copy filtered resources.
2017-05-25 15:51:51,093 [Worker-10] INFO  o.e.m.c.i.embedder.EclipseLogger - Copying 0 resource
2017-05-25 15:51:51,094 [Worker-10] INFO  o.e.m.c.i.embedder.EclipseLogger - Using 'UTF-8' encoding to copy filtered resources.
2017-05-25 15:51:51,095 [Worker-10] INFO  o.e.m.c.i.embedder.EclipseLogger - skip non existing resourceDirectory D:\AMol-RestWebServices\MyFirstProject\src\test\resources
2017-05-25 15:51:51,095 [Worker-10] INFO  o.e.m.w.i.f.ResourceFilteringBuildParticipant - Changed resources require a complete clean of filtered resources of MyFirstProject
2017-05-25 15:51:51,095 [Worker-10] INFO  o.e.m.w.i.f.ResourceFilteringBuildParticipant - Executing resource filtering for MyFirstProject
2017-05-25 15:51:51,110 [Worker-10] INFO  o.e.m.c.i.embedder.EclipseLogger - Using 'UTF-8' encoding to copy filtered resources.
2017-05-25 15:51:51,233 [Worker-10] INFO  o.e.m.c.i.embedder.EclipseLogger - Using 'UTF-8' encoding to copy filtered resources.
2017-05-25 15:51:51,234 [Worker-10] INFO  o.e.m.c.i.embedder.EclipseLogger - Copying 0 resource
2017-05-25 15:51:51,234 [Worker-10] INFO  o.e.m.c.i.embedder.EclipseLogger - Using 'UTF-8' encoding to copy filtered resources.
2017-05-25 15:51:51,234 [Worker-10] INFO  o.e.m.c.i.embedder.EclipseLogger - skip non existing resourceDirectory D:\AMol-RestWebServices\MyFirstWebServicesApp\src\test\resources
2017-05-25 15:51:51,235 [Worker-10] INFO  o.e.m.w.i.f.ResourceFilteringBuildParticipant - Changed resources require a complete clean of filtered resources of MyFirstWebServicesApp
2017-05-25 15:51:51,235 [Worker-10] INFO  o.e.m.w.i.f.ResourceFilteringBuildParticipant - Executing resource filtering for MyFirstWebServicesApp
2017-05-25 15:51:51,237 [Worker-10] INFO  o.e.m.c.i.embedder.EclipseLogger - Using 'UTF-8' encoding to copy filtered resources.
2017-05-25 15:54:33,300 [Worker-29] INFO  o.e.m.c.i.embedder.EclipseLogger - Using 'UTF-8' encoding to copy filtered resources.
2017-05-25 15:54:33,300 [Worker-29] INFO  o.e.m.c.i.embedder.EclipseLogger - Copying 0 resource
2017-05-25 15:54:33,301 [Worker-29] INFO  o.e.m.c.i.embedder.EclipseLogger - Using 'UTF-8' encoding to copy filtered resources.
2017-05-25 15:54:33,301 [Worker-29] INFO  o.e.m.c.i.embedder.EclipseLogger - skip non existing resourceDirectory D:\AMol-RestWebServices\MyFirstWebServicesApp\src\test\resources
2017-05-25 15:56:51,904 [Worker-28] INFO  o.e.m.w.i.f.ResourceFilteringBuildParticipant - Cleaning filtered folder for MyFirstWebServicesApp
2017-05-25 15:56:52,146 [Worker-10] INFO  o.e.m.c.i.embedder.EclipseLogger - Using 'UTF-8' encoding to copy filtered resources.
2017-05-25 15:56:52,147 [Worker-10] INFO  o.e.m.c.i.embedder.EclipseLogger - Copying 0 resource
2017-05-25 15:56:52,148 [Worker-10] INFO  o.e.m.c.i.embedder.EclipseLogger - Using 'UTF-8' encoding to copy filtered resources.
2017-05-25 15:56:52,148 [Worker-10] INFO  o.e.m.c.i.embedder.EclipseLogger - skip non existing resourceDirectory D:\AMol-RestWebServices\MyFirstWebServicesApp\src\test\resources
2017-05-25 15:56:52,148 [Worker-10] INFO  o.e.m.w.i.f.ResourceFilteringBuildParticipant - Changed resources require a complete clean of filtered resources of MyFirstWebServicesApp
2017-05-25 15:56:52,148 [Worker-10] INFO  o.e.m.w.i.f.ResourceFilteringBuildParticipant - Executing resource filtering for MyFirstWebServicesApp
2017-05-25 15:56:52,151 [Worker-10] INFO  o.e.m.c.i.embedder.EclipseLogger - Using 'UTF-8' encoding to copy filtered resources.
2017-05-25 16:17:50,939 [Worker-36] INFO  o.e.m.c.i.embedder.EclipseLogger - Using 'UTF-8' encoding to copy filtered resources.
2017-05-25 16:17:50,940 [Worker-36] INFO  o.e.m.c.i.embedder.EclipseLogger - Copying 0 resource
2017-05-25 16:17:50,941 [Worker-36] INFO  o.e.m.c.i.embedder.EclipseLogger - Using 'UTF-8' encoding to copy filtered resources.
2017-05-25 16:17:50,941 [Worker-36] INFO  o.e.m.c.i.embedder.EclipseLogger - skip non existing resourceDirectory D:\AMol-RestWebServices\MyFirstWebServicesApp\src\test\resources
2017-05-25 16:19:49,179 [Worker-36] INFO  o.e.m.c.i.embedder.EclipseLogger - Using 'UTF-8' encoding to copy filtered resources.
2017-05-25 16:19:49,180 [Worker-36] INFO  o.e.m.c.i.embedder.EclipseLogger - Copying 0 resource
2017-05-25 16:19:49,182 [Worker-36] INFO  o.e.m.c.i.embedder.EclipseLogger - Using 'UTF-8' encoding to copy filtered resources.
2017-05-25 16:19:49,182 [Worker-36] INFO  o.e.m.c.i.embedder.EclipseLogger - skip non existing resourceDirectory D:\AMol-RestWebServices\MyFirstWebServicesApp\src\test\resources
2017-05-25 16:36:27,098 [Worker-46] INFO  o.e.m.c.i.embedder.EclipseLogger - Using 'UTF-8' encoding to copy filtered resources.
2017-05-25 16:36:27,099 [Worker-46] INFO  o.e.m.c.i.embedder.EclipseLogger - Copying 0 resource
2017-05-25 16:36:27,100 [Worker-46] INFO  o.e.m.c.i.embedder.EclipseLogger - Using 'UTF-8' encoding to copy filtered resources.
2017-05-25 16:36:27,100 [Worker-46] INFO  o.e.m.c.i.embedder.EclipseLogger - skip non existing resourceDirectory D:\AMol-RestWebServices\MyFirstWebServicesApp\src\test\resources
2017-05-25 16:36:40,993 [Worker-41] INFO  o.e.m.w.i.f.ResourceFilteringBuildParticipant - Cleaning filtered folder for MyFirstWebServicesApp
2017-05-25 16:36:41,230 [Worker-46] INFO  o.e.m.c.i.embedder.EclipseLogger - Using 'UTF-8' encoding to copy filtered resources.
2017-05-25 16:36:41,231 [Worker-46] INFO  o.e.m.c.i.embedder.EclipseLogger - Copying 0 resource
2017-05-25 16:36:41,231 [Worker-46] INFO  o.e.m.c.i.embedder.EclipseLogger - Using 'UTF-8' encoding to copy filtered resources.
2017-05-25 16:36:41,232 [Worker-46] INFO  o.e.m.c.i.embedder.EclipseLogger - skip non existing resourceDirectory D:\AMol-RestWebServices\MyFirstWebServicesApp\src\test\resources
2017-05-25 16:36:41,232 [Worker-46] INFO  o.e.m.w.i.f.ResourceFilteringBuildParticipant - Changed resources require a complete clean of filtered resources of MyFirstWebServicesApp
2017-05-25 16:36:41,232 [Worker-46] INFO  o.e.m.w.i.f.ResourceFilteringBuildParticipant - Executing resource filtering for MyFirstWebServicesApp
2017-05-25 16:36:41,243 [Worker-46] INFO  o.e.m.c.i.embedder.EclipseLogger - Using 'UTF-8' encoding to copy filtered resources.
2017-05-25 16:37:01,276 [Worker-47] INFO  o.e.m.c.i.embedder.EclipseLogger - Using 'UTF-8' encoding to copy filtered resources.
2017-05-25 16:37:01,277 [Worker-47] INFO  o.e.m.c.i.embedder.EclipseLogger - Copying 0 resource
2017-05-25 16:37:01,278 [Worker-47] INFO  o.e.m.c.i.embedder.EclipseLogger - Using 'UTF-8' encoding to copy filtered resources.
2017-05-25 16:37:01,278 [Worker-47] INFO  o.e.m.c.i.embedder.EclipseLogger - skip non existing resourceDirectory D:\AMol-RestWebServices\MyFirstWebServicesApp\src\test\resources
2017-05-25 16:37:07,894 [Worker-10] INFO  o.e.m.w.i.f.ResourceFilteringBuildParticipant - Cleaning filtered folder for MyFirstWebServicesApp
2017-05-25 16:37:08,136 [Worker-10] INFO  o.e.m.c.i.embedder.EclipseLogger - Using 'UTF-8' encoding to copy filtered resources.
2017-05-25 16:37:08,137 [Worker-10] INFO  o.e.m.c.i.embedder.EclipseLogger - Copying 0 resource
2017-05-25 16:37:08,138 [Worker-10] INFO  o.e.m.c.i.embedder.EclipseLogger - Using 'UTF-8' encoding to copy filtered resources.
2017-05-25 16:37:08,138 [Worker-10] INFO  o.e.m.c.i.embedder.EclipseLogger - skip non existing resourceDirectory D:\AMol-RestWebServices\MyFirstWebServicesApp\src\test\resources
2017-05-25 16:37:08,138 [Worker-10] INFO  o.e.m.w.i.f.ResourceFilteringBuildParticipant - Changed resources require a complete clean of filtered resources of MyFirstWebServicesApp
2017-05-25 16:37:08,138 [Worker-10] INFO  o.e.m.w.i.f.ResourceFilteringBuildParticipant - Executing resource filtering for MyFirstWebServicesApp
2017-05-25 16:37:08,141 [Worker-10] INFO  o.e.m.c.i.embedder.EclipseLogger - Using 'UTF-8' encoding to copy filtered resources.
2017-05-25 16:38:55,289 [Worker-41] INFO  o.e.m.c.i.embedder.EclipseLogger - Using 'UTF-8' encoding to copy filtered resources.
2017-05-25 16:38:55,290 [Worker-41] INFO  o.e.m.c.i.embedder.EclipseLogger - Copying 0 resource
2017-05-25 16:38:55,292 [Worker-41] INFO  o.e.m.c.i.embedder.EclipseLogger - Using 'UTF-8' encoding to copy filtered resources.
2017-05-25 16:38:55,292 [Worker-41] INFO  o.e.m.c.i.embedder.EclipseLogger - skip non existing resourceDirectory D:\AMol-RestWebServices\MyFirstWebServicesApp\src\test\resources
2017-05-26 14:44:39,262 [Worker-401] INFO  o.e.m.c.i.p.ProjectConfigurationManager - Collecting project info '/pom.xml' D:\AMol-RestWebServices\RestFullJersey-Put\pom.xml
2017-05-26 14:44:40,289 [Worker-401] INFO  o.e.m.c.i.l.LifecycleMappingFactory - Using org.maven.ide.eclipse.wtp.WarLifecycleMapping lifecycle mapping for MavenProject: com.capgemini:RestFullJersey-Put:0.0.1-SNAPSHOT @ D:\AMol-RestWebServices\RestFullJersey-Put\pom.xml.
2017-05-26 14:44:42,209 [Worker-401] INFO  o.e.m.j.i.AbstractJavaProjectConfigurator - Adding source folder /RestFullJersey-Put/src/main/java
2017-05-26 14:44:42,209 [Worker-401] INFO  o.e.m.j.i.AbstractJavaProjectConfigurator - Adding resource folder /RestFullJersey-Put/src/main/resources
2017-05-26 14:44:42,225 [Worker-401] INFO  o.e.m.j.i.AbstractJavaProjectConfigurator - Adding source folder /RestFullJersey-Put/src/test/java
2017-05-26 14:44:42,935 [Worker-401] INFO  o.e.m.c.i.p.ProjectConfigurationManager - Imported and configured 1 project(s) in 3 sec
2017-05-26 14:44:43,467 [Worker-43] INFO  o.e.m.c.i.embedder.EclipseLogger - Using 'UTF-8' encoding to copy filtered resources.
2017-05-26 14:44:43,468 [Worker-43] INFO  o.e.m.c.i.embedder.EclipseLogger - Copying 0 resource
2017-05-26 14:44:43,469 [Worker-43] INFO  o.e.m.c.i.embedder.EclipseLogger - Using 'UTF-8' encoding to copy filtered resources.
2017-05-26 14:44:43,469 [Worker-43] INFO  o.e.m.c.i.embedder.EclipseLogger - skip non existing resourceDirectory D:\AMol-RestWebServices\RestFullJersey-Put\src\test\resources
2017-05-26 14:44:44,636 [Worker-401] INFO  o.e.m.c.i.embedder.EclipseLogger - Using 'UTF-8' encoding to copy filtered resources.
2017-05-26 14:44:44,636 [Worker-401] INFO  o.e.m.c.i.embedder.EclipseLogger - Copying 0 resource
2017-05-26 14:44:44,637 [Worker-401] INFO  o.e.m.c.i.embedder.EclipseLogger - Using 'UTF-8' encoding to copy filtered resources.
2017-05-26 14:44:44,637 [Worker-401] INFO  o.e.m.c.i.embedder.EclipseLogger - skip non existing resourceDirectory D:\AMol-RestWebServices\RestFullJersey-Put\src\test\resources
2017-05-26 14:45:57,309 [Worker-398] INFO  o.e.m.c.i.embedder.EclipseLogger - Using 'UTF-8' encoding to copy filtered resources.
2017-05-26 14:45:57,310 [Worker-398] INFO  o.e.m.c.i.embedder.EclipseLogger - Copying 0 resource
2017-05-26 14:45:57,310 [Worker-398] INFO  o.e.m.c.i.embedder.EclipseLogger - Using 'UTF-8' encoding to copy filtered resources.
2017-05-26 14:45:57,310 [Worker-398] INFO  o.e.m.c.i.embedder.EclipseLogger - skip non existing resourceDirectory D:\AMol-RestWebServices\RestFullJersey-Put\src\test\resources
2017-05-26 14:46:36,880 [Worker-398] INFO  o.e.m.c.i.embedder.EclipseLogger - Using 'UTF-8' encoding to copy filtered resources.
2017-05-26 14:46:36,881 [Worker-398] INFO  o.e.m.c.i.embedder.EclipseLogger - Copying 0 resource
2017-05-26 14:46:36,882 [Worker-398] INFO  o.e.m.c.i.embedder.EclipseLogger - Using 'UTF-8' encoding to copy filtered resources.
2017-05-26 14:46:36,883 [Worker-398] INFO  o.e.m.c.i.embedder.EclipseLogger - skip non existing resourceDirectory D:\AMol-RestWebServices\RestFullJersey-Put\src\test\resources
2017-05-26 14:50:38,535 [Worker-405] INFO  o.e.m.c.i.embedder.EclipseLogger - Using 'UTF-8' encoding to copy filtered resources.
2017-05-26 14:50:38,537 [Worker-405] INFO  o.e.m.c.i.embedder.EclipseLogger - Copying 0 resource
2017-05-26 14:50:38,538 [Worker-405] INFO  o.e.m.c.i.embedder.EclipseLogger - Using 'UTF-8' encoding to copy filtered resources.
2017-05-26 14:50:38,538 [Worker-405] INFO  o.e.m.c.i.embedder.EclipseLogger - skip non existing resourceDirectory D:\AMol-RestWebServices\RestFullJersey-Put\src\test\resources
2017-05-26 14:52:40,593 [Worker-401] INFO  o.e.m.c.i.l.LifecycleMappingFactory - Using org.maven.ide.eclipse.wtp.WarLifecycleMapping lifecycle mapping for MavenProject: com.capgemini:RestFullJersey-Put:0.0.1-SNAPSHOT @ D:\AMol-RestWebServices\RestFull-Jersey-Put\pom.xml.
2017-05-26 14:52:41,435 [Worker-401] INFO  o.e.m.c.i.embedder.EclipseLogger - Using 'UTF-8' encoding to copy filtered resources.
2017-05-26 14:52:41,436 [Worker-401] INFO  o.e.m.c.i.embedder.EclipseLogger - Copying 0 resource
2017-05-26 14:52:41,437 [Worker-401] INFO  o.e.m.c.i.embedder.EclipseLogger - Using 'UTF-8' encoding to copy filtered resources.
2017-05-26 14:52:41,437 [Worker-401] INFO  o.e.m.c.i.embedder.EclipseLogger - skip non existing resourceDirectory D:\AMol-RestWebServices\RestFull-Jersey-Put\src\test\resources
2017-05-26 14:52:44,132 [Worker-410] INFO  o.e.m.c.i.embedder.EclipseLogger - Using 'UTF-8' encoding to copy filtered resources.
2017-05-26 14:52:44,133 [Worker-410] INFO  o.e.m.c.i.embedder.EclipseLogger - Copying 0 resource
2017-05-26 14:52:44,133 [Worker-410] INFO  o.e.m.c.i.embedder.EclipseLogger - Using 'UTF-8' encoding to copy filtered resources.
2017-05-26 14:52:44,133 [Worker-410] INFO  o.e.m.c.i.embedder.EclipseLogger - skip non existing resourceDirectory D:\AMol-RestWebServices\RestFull-Jersey-Put\src\test\resources
2017-05-26 14:54:05,222 [Worker-406] INFO  o.e.m.c.i.p.ProjectConfigurationManager - Collecting project info '/pom.xml' D:\AMol-RestWebServices\RestFull-Jersey-Delete\pom.xml
2017-05-26 14:54:05,361 [Worker-406] INFO  o.e.m.c.i.l.LifecycleMappingFactory - Using org.maven.ide.eclipse.wtp.WarLifecycleMapping lifecycle mapping for MavenProject: com.capgemini:RestFull-Jersey-Delete:0.0.1-SNAPSHOT @ D:\AMol-RestWebServices\RestFull-Jersey-Delete\pom.xml.
2017-05-26 14:54:05,912 [Worker-406] INFO  o.e.m.j.i.AbstractJavaProjectConfigurator - Adding source folder /RestFull-Jersey-Delete/src/main/java
2017-05-26 14:54:05,913 [Worker-406] INFO  o.e.m.j.i.AbstractJavaProjectConfigurator - Adding resource folder /RestFull-Jersey-Delete/src/main/resources
2017-05-26 14:54:05,916 [Worker-406] INFO  o.e.m.j.i.AbstractJavaProjectConfigurator - Adding source folder /RestFull-Jersey-Delete/src/test/java
2017-05-26 14:54:06,631 [Worker-406] INFO  o.e.m.c.i.p.ProjectConfigurationManager - Imported and configured 1 project(s) in 1 sec
2017-05-26 14:54:07,293 [Worker-398] INFO  o.e.m.c.i.embedder.EclipseLogger - Using 'UTF-8' encoding to copy filtered resources.
2017-05-26 14:54:07,294 [Worker-398] INFO  o.e.m.c.i.embedder.EclipseLogger - Copying 0 resource
2017-05-26 14:54:07,295 [Worker-398] INFO  o.e.m.c.i.embedder.EclipseLogger - Using 'UTF-8' encoding to copy filtered resources.
2017-05-26 14:54:07,295 [Worker-398] INFO  o.e.m.c.i.embedder.EclipseLogger - skip non existing resourceDirectory D:\AMol-RestWebServices\RestFull-Jersey-Delete\src\test\resources
2017-05-26 14:54:08,405 [Worker-408] INFO  o.e.m.c.i.embedder.EclipseLogger - Using 'UTF-8' encoding to copy filtered resources.
2017-05-26 14:54:08,405 [Worker-408] INFO  o.e.m.c.i.embedder.EclipseLogger - Copying 0 resource
2017-05-26 14:54:08,406 [Worker-408] INFO  o.e.m.c.i.embedder.EclipseLogger - Using 'UTF-8' encoding to copy filtered resources.
2017-05-26 14:54:08,406 [Worker-408] INFO  o.e.m.c.i.embedder.EclipseLogger - skip non existing resourceDirectory D:\AMol-RestWebServices\RestFull-Jersey-Delete\src\test\resources
2017-05-26 14:55:07,413 [Worker-401] INFO  o.e.m.c.i.embedder.EclipseLogger - Using 'UTF-8' encoding to copy filtered resources.
2017-05-26 14:55:07,413 [Worker-401] INFO  o.e.m.c.i.embedder.EclipseLogger - Copying 0 resource
2017-05-26 14:55:07,413 [Worker-401] INFO  o.e.m.c.i.embedder.EclipseLogger - Using 'UTF-8' encoding to copy filtered resources.
2017-05-26 14:55:07,414 [Worker-401] INFO  o.e.m.c.i.embedder.EclipseLogger - skip non existing resourceDirectory D:\AMol-RestWebServices\RestFull-Jersey-Delete\src\test\resources
2017-05-26 14:58:17,985 [Worker-43] INFO  o.e.m.c.i.embedder.EclipseLogger - Using 'UTF-8' encoding to copy filtered resources.
2017-05-26 14:58:17,985 [Worker-43] INFO  o.e.m.c.i.embedder.EclipseLogger - Copying 0 resource
2017-05-26 14:58:17,986 [Worker-43] INFO  o.e.m.c.i.embedder.EclipseLogger - Using 'UTF-8' encoding to copy filtered resources.
2017-05-26 14:58:17,986 [Worker-43] INFO  o.e.m.c.i.embedder.EclipseLogger - skip non existing resourceDirectory D:\AMol-RestWebServices\RestFull-Jersey-Delete\src\test\resources
2017-05-26 15:05:41,331 [Worker-398] INFO  o.e.m.c.i.embedder.EclipseLogger - Using 'UTF-8' encoding to copy filtered resources.
2017-05-26 15:05:41,332 [Worker-398] INFO  o.e.m.c.i.embedder.EclipseLogger - Copying 0 resource
2017-05-26 15:05:41,332 [Worker-398] INFO  o.e.m.c.i.embedder.EclipseLogger - Using 'UTF-8' encoding to copy filtered resources.
2017-05-26 15:05:41,332 [Worker-398] INFO  o.e.m.c.i.embedder.EclipseLogger - skip non existing resourceDirectory D:\AMol-RestWebServices\RestFull-Jersey-Delete\src\test\resources
2017-05-26 15:09:18,903 [Worker-414] INFO  o.e.m.c.i.embedder.EclipseLogger - Using 'UTF-8' encoding to copy filtered resources.
2017-05-26 15:09:18,903 [Worker-414] INFO  o.e.m.c.i.embedder.EclipseLogger - Copying 0 resource
2017-05-26 15:09:18,904 [Worker-414] INFO  o.e.m.c.i.embedder.EclipseLogger - Using 'UTF-8' encoding to copy filtered resources.
2017-05-26 15:09:18,904 [Worker-414] INFO  o.e.m.c.i.embedder.EclipseLogger - skip non existing resourceDirectory D:\AMol-RestWebServices\RestFull-Jersey-Delete\src\test\resources
2017-05-26 15:09:23,553 [Worker-398] INFO  o.e.m.c.i.embedder.EclipseLogger - Using 'UTF-8' encoding to copy filtered resources.
2017-05-26 15:09:23,554 [Worker-398] INFO  o.e.m.c.i.embedder.EclipseLogger - Copying 0 resource
2017-05-26 15:09:23,555 [Worker-398] INFO  o.e.m.c.i.embedder.EclipseLogger - Using 'UTF-8' encoding to copy filtered resources.
2017-05-26 15:09:23,555 [Worker-398] INFO  o.e.m.c.i.embedder.EclipseLogger - skip non existing resourceDirectory D:\AMol-RestWebServices\RestFull-Jersey-Delete\src\test\resources
2017-05-26 15:09:39,776 [Worker-414] INFO  o.e.m.c.i.embedder.EclipseLogger - Using 'UTF-8' encoding to copy filtered resources.
2017-05-26 15:09:39,777 [Worker-414] INFO  o.e.m.c.i.embedder.EclipseLogger - Copying 0 resource
2017-05-26 15:09:39,778 [Worker-414] INFO  o.e.m.c.i.embedder.EclipseLogger - Using 'UTF-8' encoding to copy filtered resources.
2017-05-26 15:09:39,778 [Worker-414] INFO  o.e.m.c.i.embedder.EclipseLogger - skip non existing resourceDirectory D:\AMol-RestWebServices\RestFull-Jersey-Delete\src\test\resources
2017-05-26 15:09:52,857 [Worker-43] INFO  o.e.m.c.i.embedder.EclipseLogger - Using 'UTF-8' encoding to copy filtered resources.
2017-05-26 15:09:52,858 [Worker-43] INFO  o.e.m.c.i.embedder.EclipseLogger - Copying 0 resource
2017-05-26 15:09:52,859 [Worker-43] INFO  o.e.m.c.i.embedder.EclipseLogger - Using 'UTF-8' encoding to copy filtered resources.
2017-05-26 15:09:52,859 [Worker-43] INFO  o.e.m.c.i.embedder.EclipseLogger - skip non existing resourceDirectory D:\AMol-RestWebServices\RestFull-Jersey-Delete\src\test\resources
2017-05-26 15:46:43,797 [Worker-398] INFO  o.e.m.c.i.p.ProjectConfigurationManager - Collecting project info '/pom.xml' D:\AMol-RestWebServices\RestFull-Jersey-Search\pom.xml
2017-05-26 15:46:44,630 [Worker-398] INFO  o.e.m.c.i.l.LifecycleMappingFactory - Using org.maven.ide.eclipse.wtp.WarLifecycleMapping lifecycle mapping for MavenProject: com.capgemini:RestFull-Jersey-Search:0.0.1-SNAPSHOT @ D:\AMol-RestWebServices\RestFull-Jersey-Search\pom.xml.
2017-05-26 15:46:46,445 [Worker-398] INFO  o.e.m.j.i.AbstractJavaProjectConfigurator - Adding source folder /RestFull-Jersey-Search/src/main/java
2017-05-26 15:46:46,445 [Worker-398] INFO  o.e.m.j.i.AbstractJavaProjectConfigurator - Adding resource folder /RestFull-Jersey-Search/src/main/resources
2017-05-26 15:46:46,449 [Worker-398] INFO  o.e.m.j.i.AbstractJavaProjectConfigurator - Adding source folder /RestFull-Jersey-Search/src/test/java
2017-05-26 15:46:47,890 [Worker-398] INFO  o.e.m.c.i.p.ProjectConfigurationManager - Imported and configured 1 project(s) in 4 sec
2017-05-26 15:46:49,443 [Worker-420] INFO  o.e.m.c.i.embedder.EclipseLogger - Using 'UTF-8' encoding to copy filtered resources.
2017-05-26 15:46:49,443 [Worker-420] INFO  o.e.m.c.i.embedder.EclipseLogger - Copying 0 resource
2017-05-26 15:46:49,444 [Worker-420] INFO  o.e.m.c.i.embedder.EclipseLogger - Using 'UTF-8' encoding to copy filtered resources.
2017-05-26 15:46:49,444 [Worker-420] INFO  o.e.m.c.i.embedder.EclipseLogger - skip non existing resourceDirectory D:\AMol-RestWebServices\RestFull-Jersey-Search\src\test\resources
2017-05-26 15:47:27,627 [Worker-422] INFO  o.e.m.c.i.embedder.EclipseLogger - Using 'UTF-8' encoding to copy filtered resources.
2017-05-26 15:47:27,628 [Worker-422] INFO  o.e.m.c.i.embedder.EclipseLogger - Copying 0 resource
2017-05-26 15:47:27,630 [Worker-422] INFO  o.e.m.c.i.embedder.EclipseLogger - Using 'UTF-8' encoding to copy filtered resources.
2017-05-26 15:47:27,630 [Worker-422] INFO  o.e.m.c.i.embedder.EclipseLogger - skip non existing resourceDirectory D:\AMol-RestWebServices\RestFull-Jersey-Search\src\test\resources
2017-05-26 15:47:53,462 [Worker-424] INFO  o.e.m.c.i.embedder.EclipseLogger - Using 'UTF-8' encoding to copy filtered resources.
2017-05-26 15:47:53,462 [Worker-424] INFO  o.e.m.c.i.embedder.EclipseLogger - Copying 0 resource
2017-05-26 15:47:53,463 [Worker-424] INFO  o.e.m.c.i.embedder.EclipseLogger - Using 'UTF-8' encoding to copy filtered resources.
2017-05-26 15:47:53,463 [Worker-424] INFO  o.e.m.c.i.embedder.EclipseLogger - skip non existing resourceDirectory D:\AMol-RestWebServices\RestFull-Jersey-Search\src\test\resources
2017-05-26 15:49:55,867 [Worker-398] INFO  o.e.m.c.i.p.ProjectConfigurationManager - Collecting project info '/pom.xml' D:\AMol-RestWebServices\RestFull-Jersey-client-exercise\pom.xml
2017-05-26 15:49:56,024 [Worker-398] INFO  o.e.m.c.i.l.LifecycleMappingFactory - Using org.maven.ide.eclipse.wtp.WarLifecycleMapping lifecycle mapping for MavenProject: com.capgemini:RestFull-Jersey-client-exercise:0.0.1-SNAPSHOT @ D:\AMol-RestWebServices\RestFull-Jersey-client-exercise\pom.xml.
2017-05-26 15:49:56,640 [Worker-398] INFO  o.e.m.j.i.AbstractJavaProjectConfigurator - Adding source folder /RestFull-Jersey-client-exercise/src/main/java
2017-05-26 15:49:56,640 [Worker-398] INFO  o.e.m.j.i.AbstractJavaProjectConfigurator - Adding resource folder /RestFull-Jersey-client-exercise/src/main/resources
2017-05-26 15:49:56,664 [Worker-398] INFO  o.e.m.j.i.AbstractJavaProjectConfigurator - Adding source folder /RestFull-Jersey-client-exercise/src/test/java
2017-05-26 15:49:57,232 [Worker-398] INFO  o.e.m.c.i.p.ProjectConfigurationManager - Imported and configured 1 project(s) in 1 sec
2017-05-26 15:49:57,743 [Worker-427] INFO  o.e.m.c.i.embedder.EclipseLogger - Using 'UTF-8' encoding to copy filtered resources.
2017-05-26 15:49:57,743 [Worker-427] INFO  o.e.m.c.i.embedder.EclipseLogger - Copying 0 resource
2017-05-26 15:49:57,744 [Worker-427] INFO  o.e.m.c.i.embedder.EclipseLogger - Using 'UTF-8' encoding to copy filtered resources.
2017-05-26 15:49:57,744 [Worker-427] INFO  o.e.m.c.i.embedder.EclipseLogger - skip non existing resourceDirectory D:\AMol-RestWebServices\RestFull-Jersey-client-exercise\src\test\resources
2017-05-26 15:49:58,838 [Worker-398] INFO  o.e.m.c.i.embedder.EclipseLogger - Using 'UTF-8' encoding to copy filtered resources.
2017-05-26 15:49:58,838 [Worker-398] INFO  o.e.m.c.i.embedder.EclipseLogger - Copying 0 resource
2017-05-26 15:49:58,839 [Worker-398] INFO  o.e.m.c.i.embedder.EclipseLogger - Using 'UTF-8' encoding to copy filtered resources.
2017-05-26 15:49:58,840 [Worker-398] INFO  o.e.m.c.i.embedder.EclipseLogger - skip non existing resourceDirectory D:\AMol-RestWebServices\RestFull-Jersey-client-exercise\src\test\resources
2017-05-26 15:50:24,204 [Worker-398] INFO  o.e.m.c.i.embedder.EclipseLogger - Using 'UTF-8' encoding to copy filtered resources.
2017-05-26 15:50:24,205 [Worker-398] INFO  o.e.m.c.i.embedder.EclipseLogger - Copying 0 resource
2017-05-26 15:50:24,205 [Worker-398] INFO  o.e.m.c.i.embedder.EclipseLogger - Using 'UTF-8' encoding to copy filtered resources.
2017-05-26 15:50:24,205 [Worker-398] INFO  o.e.m.c.i.embedder.EclipseLogger - skip non existing resourceDirectory D:\AMol-RestWebServices\RestFull-Jersey-client-exercise\src\test\resources
2017-05-26 15:50:56,814 [Worker-426] INFO  o.e.m.c.i.embedder.EclipseLogger - Using 'UTF-8' encoding to copy filtered resources.
2017-05-26 15:50:56,814 [Worker-426] INFO  o.e.m.c.i.embedder.EclipseLogger - Copying 0 resource
2017-05-26 15:50:56,815 [Worker-426] INFO  o.e.m.c.i.embedder.EclipseLogger - Using 'UTF-8' encoding to copy filtered resources.
2017-05-26 15:50:56,816 [Worker-426] INFO  o.e.m.c.i.embedder.EclipseLogger - skip non existing resourceDirectory D:\AMol-RestWebServices\RestFull-Jersey-client-exercise\src\test\resources
